#
# A fatal error has been detected by the Java Runtime Environment:
#
#  EXCEPTION_ACCESS_VIOLATION (0xc0000005) at pc=0x00007ffa4d7b50d0, pid=16404, tid=26316
#
# JRE version: Java(TM) SE Runtime Environment (19.0.1+10) (build 19.0.1+10-21)
# Java VM: Java HotSpot(TM) 64-Bit Server VM (19.0.1+10-21, mixed mode, sharing, tiered, compressed oops, compressed class ptrs, g1 gc, windows-amd64)
# Problematic frame:
# V  [jvm.dll+0x150d0]
#
# No core dump will be written. Minidumps are not enabled by default on client versions of Windows
#
# If you would like to submit a bug report, please visit:
#   https://bugreport.java.com/bugreport/crash.jsp
#

---------------  S U M M A R Y ------------

Command Line: -agentlib:jdwp=transport=dt_socket,address=127.0.0.1:50766,suspend=y,server=n -javaagent:D:\TOOLS\IDEA\plugins\java\lib\rt\debugger-agent.jar -Dfile.encoding=UTF-8 -Dsun.stdout.encoding=UTF-8 -Dsun.stderr.encoding=UTF-8 Main

Host: AMD Ryzen 7 6800H with Radeon Graphics         , 16 cores, 15G,  Windows 11 , 64 bit Build 22621 (10.0.22621.3527)
Time: Sat May 25 14:35:39 2024  Windows 11 , 64 bit Build 22621 (10.0.22621.3527) elapsed time: 53.078338 seconds (0d 0h 0m 53s)

---------------  T H R E A D  ---------------

Current thread (0x000001713de4ee70):  JavaThread "Thread-2" [_thread_in_vm, id=26316, stack(0x0000006f50900000,0x0000006f50a00000)]

Stack: [0x0000006f50900000,0x0000006f50a00000],  sp=0x0000006f509ff118,  free space=1020k
Native frames: (J=compiled Java code, j=interpreted, Vv=VM code, C=native code)
V  [jvm.dll+0x150d0]

Java frames: (J=compiled Java code, j=interpreted, Vv=VM code)
j  jpcap.JpcapCaptor.processPacket(ILjpcap/PacketReceiver;)I+0
j  Main.NetworkPacketCap(Ljpcap/NetworkInterface;)V+39
j  Main.lambda$main$0([Ljpcap/NetworkInterface;I)V+3
j  Main$$Lambda$14+0x0000000801003828.run()V+8
j  java.lang.Thread.run()V+13 java.base@19.0.1
v  ~StubRoutines::call_stub 0x000001712555100e

siginfo: EXCEPTION_ACCESS_VIOLATION (0xc0000005), reading address 0x0000000000000000


Registers:
RAX=0x0000000000000000, RBX=0x000001713de4ee70, RCX=0x0000000000000000, RDX=0x0000000069746e65
RSP=0x0000006f509ff118, RBP=0x000001713de4f150, RSI=0x0000000000000000, RDI=0x0000000000000000
R8 =0x0000017113e90fc0, R9 =0x0000000000000001, R10=0x0000000000000003, R11=0x0000006f509ff0b0
R12=0x0000000000000011, R13=0x000001713e5c1174, R14=0x0000006f509ff240, R15=0x0000000000000800
RIP=0x00007ffa4d7b50d0, EFLAGS=0x0000000000010246


Register to memory mapping:

RIP=0x00007ffa4d7b50d0 jvm.dll
RAX=0x0 is NULL
RBX=0x000001713de4ee70 is a thread
RCX=0x0 is NULL
RDX=0x0000000069746e65 is an unknown value
RSP=0x0000006f509ff118 is pointing into the stack for thread: 0x000001713de4ee70
RBP=0x000001713de4f150 points into unknown readable memory: 0x00007ffa4e2ff9a0 | a0 f9 2f 4e fa 7f 00 00
RSI=0x0 is NULL
RDI=0x0 is NULL
R8 =0x0000017113e90fc0 points into unknown readable memory: 0x0000017113e90cc0 | c0 0c e9 13 71 01 00 00
R9 =0x0000000000000001 is an unknown value
R10=0x0000000000000003 is an unknown value
R11=0x0000006f509ff0b0 is pointing into the stack for thread: 0x000001713de4ee70
R12=0x0000000000000011 is an unknown value
R13=0x000001713e5c1174 points into unknown readable memory: 01 00 5e 7f
R14=0x0000006f509ff240 is pointing into the stack for thread: 0x000001713de4ee70
R15=0x0000000000000800 is an unknown value


Top of Stack: (sp=0x0000006f509ff118)
0x0000006f509ff118:   00007ffa4dbe7fec 000001713de4ee70
0x0000006f509ff128:   0000000000000002 0000000000000000
0x0000006f509ff138:   0000000000000000 000001713de4ee70
0x0000006f509ff148:   0000000000000000 0000000000000000
0x0000006f509ff158:   00007ffa97ae427e 0000000000000011
0x0000006f509ff168:   00007ffa853626f6 00000000000000b6
0x0000006f509ff178:   0000000000000002 0000017100000102
0x0000006f509ff188:   00007ffa97ad68bb 0000000000000048
0x0000006f509ff198:   0000000000000001 0000000000000000
0x0000006f509ff1a8:   0000000000000000 000001713e5c1174
0x0000006f509ff1b8:   000001713e5c1160 0000000000000002
0x0000006f509ff1c8:   0000000000000005 0000000000000000
0x0000006f509ff1d8:   00000000000000d8 0000000000000002
0x0000006f509ff1e8:   000001713de4f150 00007ffa85360000
0x0000006f509ff1f8:   00007ffa85362376 0000006f509ff220
0x0000006f509ff208:   0000000000000002 000001713e5c1160 

Instructions: (pc=0x00007ffa4d7b50d0)
0x00007ffa4d7b4fd0:   ec 12 b3 00 48 83 c4 20 5b 48 ff e0 48 8d 05 ed
0x00007ffa4d7b4fe0:   00 00 00 48 8b cb 48 89 05 d3 12 b3 00 48 83 c4
0x00007ffa4d7b4ff0:   20 5b 48 ff e0 48 8d 05 d4 00 00 00 48 8b cb 48
0x00007ffa4d7b5000:   89 05 ba 12 b3 00 48 83 c4 20 5b 48 ff e0 48 8b
0x00007ffa4d7b5010:   0d ab 09 bb 00 8b 51 10 83 ea 01 0f 84 91 00 00
0x00007ffa4d7b5020:   00 83 ea 01 74 73 83 ea 01 74 55 83 fa 01 74 37
0x00007ffa4d7b5030:   4c 8d 0d 49 75 8a 00 41 b8 e2 00 00 00 48 8d 15
0x00007ffa4d7b5040:   74 75 8a 00 b9 00 00 00 e0 e8 72 d5 26 00 e8 5d
0x00007ffa4d7b5050:   92 6d 00 33 c0 48 8b cb 48 89 05 61 12 b3 00 48
0x00007ffa4d7b5060:   83 c4 20 5b 48 ff e0 48 8d 05 72 00 00 00 48 8b
0x00007ffa4d7b5070:   cb 48 89 05 48 12 b3 00 48 83 c4 20 5b 48 ff e0
0x00007ffa4d7b5080:   48 8d 05 49 00 00 00 48 8b cb 48 89 05 2f 12 b3
0x00007ffa4d7b5090:   00 48 83 c4 20 5b 48 ff e0 48 8d 05 30 00 00 00
0x00007ffa4d7b50a0:   48 8b cb 48 89 05 16 12 b3 00 48 83 c4 20 5b 48
0x00007ffa4d7b50b0:   ff e0 48 8d 05 17 00 00 00 48 8b cb 48 89 05 fd
0x00007ffa4d7b50c0:   11 b3 00 48 83 c4 20 5b 48 ff e0 cc cc cc cc cc
0x00007ffa4d7b50d0:   48 8b 01 c3 cc cc cc cc cc cc cc cc cc cc cc cc
0x00007ffa4d7b50e0:   48 89 5c 24 08 57 48 83 ec 20 48 8b 39 48 8b d9
0x00007ffa4d7b50f0:   48 85 3d a1 5b c0 00 75 0e 48 8b c7 48 8b 5c 24
0x00007ffa4d7b5100:   30 48 83 c4 20 5f c3 48 8b cf e8 c1 2e 87 00 48
0x00007ffa4d7b5110:   8b d0 48 85 c0 74 20 48 8b c7 f0 48 0f b1 13 74
0x00007ffa4d7b5120:   16 48 85 05 70 5b c0 00 74 0d 48 8b c8 f0 48 0f
0x00007ffa4d7b5130:   b1 13 48 3b c1 75 ea 48 8b 5c 24 30 48 8b c2 48
0x00007ffa4d7b5140:   83 c4 20 5f c3 cc cc cc cc cc cc cc cc cc cc cc
0x00007ffa4d7b5150:   8b 44 24 30 45 03 c9 44 2b 4c 24 28 83 c0 0b 44
0x00007ffa4d7b5160:   03 ca 45 03 c8 41 03 c1 c3 cc cc cc cc cc cc cc
0x00007ffa4d7b5170:   48 8b 41 08 0f b7 48 2a 0f b7 40 28 83 c0 48 03
0x00007ffa4d7b5180:   c1 c3 cc cc cc cc cc cc cc cc cc cc cc cc cc cc
0x00007ffa4d7b5190:   48 89 5c 24 08 57 48 83 ec 20 0f b6 05 5f 64 c0
0x00007ffa4d7b51a0:   00 48 8b fa 48 8b d9 84 c0 74 4f 48 85 15 e6 5a
0x00007ffa4d7b51b0:   c0 00 74 38 48 8b ca e8 24 31 87 00 48 8b d0 48
0x00007ffa4d7b51c0:   85 db 74 25 48 85 c0 74 20 48 8b c7 f0 48 0f b1 


Stack slot to memory mapping:
stack at sp + 0 slots: 0x00007ffa4dbe7fec jvm.dll
stack at sp + 1 slots: 0x000001713de4ee70 is a thread
stack at sp + 2 slots: 0x0000000000000002 is an unknown value
stack at sp + 3 slots: 0x0 is NULL
stack at sp + 4 slots: 0x0 is NULL
stack at sp + 5 slots: 0x000001713de4ee70 is a thread
stack at sp + 6 slots: 0x0 is NULL
stack at sp + 7 slots: 0x0 is NULL


---------------  P R O C E S S  ---------------

Threads class SMR info:
_java_thread_list=0x000001713dcf1510, length=17, elements={
0x00000171161a2220, 0x0000017139ae2c40, 0x0000017139ae3830, 0x0000017139ae6790,
0x0000017139ae80d0, 0x0000017139ae8a00, 0x0000017139aeb750, 0x0000017139b05150,
0x0000017139b076e0, 0x000001713dc08070, 0x0000017139ab4df0, 0x000001713dd907e0,
0x000001713dd94de0, 0x000001713dea3100, 0x000001713ddf8ef0, 0x000001713de50540,
0x000001713de4ee70
}

Java Threads: ( => current thread )
  0x00000171161a2220 JavaThread "main" [_thread_blocked, id=28688, stack(0x0000006f4ef00000,0x0000006f4f000000)]
  0x0000017139ae2c40 JavaThread "Reference Handler" daemon [_thread_blocked, id=32220, stack(0x0000006f4f600000,0x0000006f4f700000)]
  0x0000017139ae3830 JavaThread "Finalizer" daemon [_thread_blocked, id=17688, stack(0x0000006f4f700000,0x0000006f4f800000)]
  0x0000017139ae6790 JavaThread "Signal Dispatcher" daemon [_thread_blocked, id=22268, stack(0x0000006f4f800000,0x0000006f4f900000)]
  0x0000017139ae80d0 JavaThread "Attach Listener" daemon [_thread_blocked, id=18820, stack(0x0000006f4f900000,0x0000006f4fa00000)]
  0x0000017139ae8a00 JavaThread "Service Thread" daemon [_thread_blocked, id=3172, stack(0x0000006f4fa00000,0x0000006f4fb00000)]
  0x0000017139aeb750 JavaThread "Monitor Deflation Thread" daemon [_thread_blocked, id=32608, stack(0x0000006f4fb00000,0x0000006f4fc00000)]
  0x0000017139b05150 JavaThread "C2 CompilerThread0" daemon [_thread_blocked, id=11364, stack(0x0000006f4fc00000,0x0000006f4fd00000)]
  0x0000017139b076e0 JavaThread "C1 CompilerThread0" daemon [_thread_blocked, id=23564, stack(0x0000006f4fd00000,0x0000006f4fe00000)]
  0x000001713dc08070 JavaThread "Sweeper thread" daemon [_thread_blocked, id=1824, stack(0x0000006f4fe00000,0x0000006f4ff00000)]
  0x0000017139ab4df0 JavaThread "Common-Cleaner" daemon [_thread_blocked, id=24232, stack(0x0000006f4ff00000,0x0000006f50000000)]
  0x000001713dd907e0 JavaThread "JDWP Transport Listener: dt_socket" daemon [_thread_blocked, id=32540, stack(0x0000006f50300000,0x0000006f50400000)]
  0x000001713dd94de0 JavaThread "JDWP Event Helper Thread" daemon [_thread_blocked, id=25892, stack(0x0000006f50400000,0x0000006f50500000)]
  0x000001713dea3100 JavaThread "JDWP Command Reader" daemon [_thread_in_native, id=23416, stack(0x0000006f50500000,0x0000006f50600000)]
  0x000001713ddf8ef0 JavaThread "Notification Thread" daemon [_thread_blocked, id=27688, stack(0x0000006f50600000,0x0000006f50700000)]
  0x000001713de50540 JavaThread "Thread-0" [_thread_blocked, id=12160, stack(0x0000006f50000000,0x0000006f50100000)]
=>0x000001713de4ee70 JavaThread "Thread-2" [_thread_in_vm, id=26316, stack(0x0000006f50900000,0x0000006f50a00000)]

Other Threads:
  0x0000017139ac6d30 VMThread "VM Thread" [stack: 0x0000006f4f500000,0x0000006f4f600000] [id=15520] _threads_hazard_ptr=0x000001713dcf1510
  0x000001713dde1410 WatcherThread "VM Periodic Task Thread" [stack: 0x0000006f50700000,0x0000006f50800000] [id=31020]
  0x0000017116210a90 WorkerThread "GC Thread#0" [stack: 0x0000006f4f000000,0x0000006f4f100000] [id=13956]
  0x0000017116220e90 ConcurrentGCThread "G1 Main Marker" [stack: 0x0000006f4f100000,0x0000006f4f200000] [id=7392]
  0x00000171162217c0 WorkerThread "G1 Conc#0" [stack: 0x0000006f4f200000,0x0000006f4f300000] [id=18640]
  0x0000017139982b20 ConcurrentGCThread "G1 Refine#0" [stack: 0x0000006f4f300000,0x0000006f4f400000] [id=34708]
  0x0000017139983560 ConcurrentGCThread "G1 Service" [stack: 0x0000006f4f400000,0x0000006f4f500000] [id=27540]

Threads with active compile tasks:

VM state: synchronizing (normal execution)

VM Mutex/Monitor currently owned by a thread:  ([mutex/lock_event])
[0x000001711618d840] JvmtiThreadState_lock - owner thread: 0x00000171161a2220
[0x000001711619b830] Threads_lock - owner thread: 0x0000017139ac6d30

Heap address: 0x000000070c000000, size: 3904 MB, Compressed Oops mode: Zero based, Oop shift amount: 3

CDS archive(s) mapped at: [0x0000000800000000-0x0000000800c40000-0x0000000800c40000), size 12845056, SharedBaseAddress: 0x0000000800000000, ArchiveRelocationMode: 0.
Compressed class space mapped at: 0x0000000801000000-0x0000000841000000, reserved size: 1073741824
Narrow klass base: 0x0000000800000000, Narrow klass shift: 0, Narrow klass range: 0x100000000

GC Precious Log:
 CardTable entry size: 512
 Card Set container configuration: InlinePtr #cards 4 size 8 Array Of Cards #cards 16 size 48 Howl #buckets 8 coarsen threshold 3686 Howl Bitmap #cards 512 size 80 coarsen threshold 460 Card regions per heap region 1 cards per card region 4096
 CPUs: 16 total, 16 available
 Memory: 15613M
 Large Page Support: Disabled
 NUMA Support: Disabled
 Compressed Oops: Enabled (Zero based)
 Heap Region Size: 2M
 Heap Min Capacity: 8M
 Heap Initial Capacity: 244M
 Heap Max Capacity: 3904M
 Pre-touch: Disabled
 Parallel Workers: 13
 Concurrent Workers: 3
 Concurrent Refinement Workers: 13
 Periodic GC: Disabled

Heap:
 garbage-first heap   total 249856K, used 6144K [0x000000070c000000, 0x0000000800000000)
  region size 2048K, 4 young (8192K), 0 survivors (0K)
 Metaspace       used 577K, committed 704K, reserved 1114112K
  class space    used 42K, committed 128K, reserved 1048576K

Heap Regions: E=young(eden), S=young(survivor), O=old, HS=humongous(starts), HC=humongous(continues), CS=collection set, F=free, OA=open archive, CA=closed archive, TAMS=top-at-mark-start (previous, next)
|   0|0x000000070c000000, 0x000000070c000000, 0x000000070c200000|  0%| F|  |TAMS 0x000000070c000000, 0x000000070c000000| Untracked 
|   1|0x000000070c200000, 0x000000070c200000, 0x000000070c400000|  0%| F|  |TAMS 0x000000070c200000, 0x000000070c200000| Untracked 
|   2|0x000000070c400000, 0x000000070c400000, 0x000000070c600000|  0%| F|  |TAMS 0x000000070c400000, 0x000000070c400000| Untracked 
|   3|0x000000070c600000, 0x000000070c600000, 0x000000070c800000|  0%| F|  |TAMS 0x000000070c600000, 0x000000070c600000| Untracked 
|   4|0x000000070c800000, 0x000000070c800000, 0x000000070ca00000|  0%| F|  |TAMS 0x000000070c800000, 0x000000070c800000| Untracked 
|   5|0x000000070ca00000, 0x000000070ca00000, 0x000000070cc00000|  0%| F|  |TAMS 0x000000070ca00000, 0x000000070ca00000| Untracked 
|   6|0x000000070cc00000, 0x000000070cc00000, 0x000000070ce00000|  0%| F|  |TAMS 0x000000070cc00000, 0x000000070cc00000| Untracked 
|   7|0x000000070ce00000, 0x000000070ce00000, 0x000000070d000000|  0%| F|  |TAMS 0x000000070ce00000, 0x000000070ce00000| Untracked 
|   8|0x000000070d000000, 0x000000070d000000, 0x000000070d200000|  0%| F|  |TAMS 0x000000070d000000, 0x000000070d000000| Untracked 
|   9|0x000000070d200000, 0x000000070d200000, 0x000000070d400000|  0%| F|  |TAMS 0x000000070d200000, 0x000000070d200000| Untracked 
|  10|0x000000070d400000, 0x000000070d400000, 0x000000070d600000|  0%| F|  |TAMS 0x000000070d400000, 0x000000070d400000| Untracked 
|  11|0x000000070d600000, 0x000000070d600000, 0x000000070d800000|  0%| F|  |TAMS 0x000000070d600000, 0x000000070d600000| Untracked 
|  12|0x000000070d800000, 0x000000070d800000, 0x000000070da00000|  0%| F|  |TAMS 0x000000070d800000, 0x000000070d800000| Untracked 
|  13|0x000000070da00000, 0x000000070da00000, 0x000000070dc00000|  0%| F|  |TAMS 0x000000070da00000, 0x000000070da00000| Untracked 
|  14|0x000000070dc00000, 0x000000070dc00000, 0x000000070de00000|  0%| F|  |TAMS 0x000000070dc00000, 0x000000070dc00000| Untracked 
|  15|0x000000070de00000, 0x000000070de00000, 0x000000070e000000|  0%| F|  |TAMS 0x000000070de00000, 0x000000070de00000| Untracked 
|  16|0x000000070e000000, 0x000000070e000000, 0x000000070e200000|  0%| F|  |TAMS 0x000000070e000000, 0x000000070e000000| Untracked 
|  17|0x000000070e200000, 0x000000070e200000, 0x000000070e400000|  0%| F|  |TAMS 0x000000070e200000, 0x000000070e200000| Untracked 
|  18|0x000000070e400000, 0x000000070e400000, 0x000000070e600000|  0%| F|  |TAMS 0x000000070e400000, 0x000000070e400000| Untracked 
|  19|0x000000070e600000, 0x000000070e600000, 0x000000070e800000|  0%| F|  |TAMS 0x000000070e600000, 0x000000070e600000| Untracked 
|  20|0x000000070e800000, 0x000000070e800000, 0x000000070ea00000|  0%| F|  |TAMS 0x000000070e800000, 0x000000070e800000| Untracked 
|  21|0x000000070ea00000, 0x000000070ea00000, 0x000000070ec00000|  0%| F|  |TAMS 0x000000070ea00000, 0x000000070ea00000| Untracked 
|  22|0x000000070ec00000, 0x000000070ec00000, 0x000000070ee00000|  0%| F|  |TAMS 0x000000070ec00000, 0x000000070ec00000| Untracked 
|  23|0x000000070ee00000, 0x000000070ee00000, 0x000000070f000000|  0%| F|  |TAMS 0x000000070ee00000, 0x000000070ee00000| Untracked 
|  24|0x000000070f000000, 0x000000070f000000, 0x000000070f200000|  0%| F|  |TAMS 0x000000070f000000, 0x000000070f000000| Untracked 
|  25|0x000000070f200000, 0x000000070f200000, 0x000000070f400000|  0%| F|  |TAMS 0x000000070f200000, 0x000000070f200000| Untracked 
|  26|0x000000070f400000, 0x000000070f400000, 0x000000070f600000|  0%| F|  |TAMS 0x000000070f400000, 0x000000070f400000| Untracked 
|  27|0x000000070f600000, 0x000000070f600000, 0x000000070f800000|  0%| F|  |TAMS 0x000000070f600000, 0x000000070f600000| Untracked 
|  28|0x000000070f800000, 0x000000070f800000, 0x000000070fa00000|  0%| F|  |TAMS 0x000000070f800000, 0x000000070f800000| Untracked 
|  29|0x000000070fa00000, 0x000000070fa00000, 0x000000070fc00000|  0%| F|  |TAMS 0x000000070fa00000, 0x000000070fa00000| Untracked 
|  30|0x000000070fc00000, 0x000000070fc00000, 0x000000070fe00000|  0%| F|  |TAMS 0x000000070fc00000, 0x000000070fc00000| Untracked 
|  31|0x000000070fe00000, 0x000000070fe00000, 0x0000000710000000|  0%| F|  |TAMS 0x000000070fe00000, 0x000000070fe00000| Untracked 
|  32|0x0000000710000000, 0x0000000710000000, 0x0000000710200000|  0%| F|  |TAMS 0x0000000710000000, 0x0000000710000000| Untracked 
|  33|0x0000000710200000, 0x0000000710200000, 0x0000000710400000|  0%| F|  |TAMS 0x0000000710200000, 0x0000000710200000| Untracked 
|  34|0x0000000710400000, 0x0000000710400000, 0x0000000710600000|  0%| F|  |TAMS 0x0000000710400000, 0x0000000710400000| Untracked 
|  35|0x0000000710600000, 0x0000000710600000, 0x0000000710800000|  0%| F|  |TAMS 0x0000000710600000, 0x0000000710600000| Untracked 
|  36|0x0000000710800000, 0x0000000710800000, 0x0000000710a00000|  0%| F|  |TAMS 0x0000000710800000, 0x0000000710800000| Untracked 
|  37|0x0000000710a00000, 0x0000000710a00000, 0x0000000710c00000|  0%| F|  |TAMS 0x0000000710a00000, 0x0000000710a00000| Untracked 
|  38|0x0000000710c00000, 0x0000000710c00000, 0x0000000710e00000|  0%| F|  |TAMS 0x0000000710c00000, 0x0000000710c00000| Untracked 
|  39|0x0000000710e00000, 0x0000000710e00000, 0x0000000711000000|  0%| F|  |TAMS 0x0000000710e00000, 0x0000000710e00000| Untracked 
|  40|0x0000000711000000, 0x0000000711000000, 0x0000000711200000|  0%| F|  |TAMS 0x0000000711000000, 0x0000000711000000| Untracked 
|  41|0x0000000711200000, 0x0000000711200000, 0x0000000711400000|  0%| F|  |TAMS 0x0000000711200000, 0x0000000711200000| Untracked 
|  42|0x0000000711400000, 0x0000000711400000, 0x0000000711600000|  0%| F|  |TAMS 0x0000000711400000, 0x0000000711400000| Untracked 
|  43|0x0000000711600000, 0x0000000711600000, 0x0000000711800000|  0%| F|  |TAMS 0x0000000711600000, 0x0000000711600000| Untracked 
|  44|0x0000000711800000, 0x0000000711800000, 0x0000000711a00000|  0%| F|  |TAMS 0x0000000711800000, 0x0000000711800000| Untracked 
|  45|0x0000000711a00000, 0x0000000711a00000, 0x0000000711c00000|  0%| F|  |TAMS 0x0000000711a00000, 0x0000000711a00000| Untracked 
|  46|0x0000000711c00000, 0x0000000711c00000, 0x0000000711e00000|  0%| F|  |TAMS 0x0000000711c00000, 0x0000000711c00000| Untracked 
|  47|0x0000000711e00000, 0x0000000711e00000, 0x0000000712000000|  0%| F|  |TAMS 0x0000000711e00000, 0x0000000711e00000| Untracked 
|  48|0x0000000712000000, 0x0000000712000000, 0x0000000712200000|  0%| F|  |TAMS 0x0000000712000000, 0x0000000712000000| Untracked 
|  49|0x0000000712200000, 0x0000000712200000, 0x0000000712400000|  0%| F|  |TAMS 0x0000000712200000, 0x0000000712200000| Untracked 
|  50|0x0000000712400000, 0x0000000712400000, 0x0000000712600000|  0%| F|  |TAMS 0x0000000712400000, 0x0000000712400000| Untracked 
|  51|0x0000000712600000, 0x0000000712600000, 0x0000000712800000|  0%| F|  |TAMS 0x0000000712600000, 0x0000000712600000| Untracked 
|  52|0x0000000712800000, 0x0000000712800000, 0x0000000712a00000|  0%| F|  |TAMS 0x0000000712800000, 0x0000000712800000| Untracked 
|  53|0x0000000712a00000, 0x0000000712a00000, 0x0000000712c00000|  0%| F|  |TAMS 0x0000000712a00000, 0x0000000712a00000| Untracked 
|  54|0x0000000712c00000, 0x0000000712c00000, 0x0000000712e00000|  0%| F|  |TAMS 0x0000000712c00000, 0x0000000712c00000| Untracked 
|  55|0x0000000712e00000, 0x0000000712e00000, 0x0000000713000000|  0%| F|  |TAMS 0x0000000712e00000, 0x0000000712e00000| Untracked 
|  56|0x0000000713000000, 0x0000000713000000, 0x0000000713200000|  0%| F|  |TAMS 0x0000000713000000, 0x0000000713000000| Untracked 
|  57|0x0000000713200000, 0x0000000713200000, 0x0000000713400000|  0%| F|  |TAMS 0x0000000713200000, 0x0000000713200000| Untracked 
|  58|0x0000000713400000, 0x0000000713400000, 0x0000000713600000|  0%| F|  |TAMS 0x0000000713400000, 0x0000000713400000| Untracked 
|  59|0x0000000713600000, 0x0000000713600000, 0x0000000713800000|  0%| F|  |TAMS 0x0000000713600000, 0x0000000713600000| Untracked 
|  60|0x0000000713800000, 0x0000000713800000, 0x0000000713a00000|  0%| F|  |TAMS 0x0000000713800000, 0x0000000713800000| Untracked 
|  61|0x0000000713a00000, 0x0000000713a00000, 0x0000000713c00000|  0%| F|  |TAMS 0x0000000713a00000, 0x0000000713a00000| Untracked 
|  62|0x0000000713c00000, 0x0000000713c00000, 0x0000000713e00000|  0%| F|  |TAMS 0x0000000713c00000, 0x0000000713c00000| Untracked 
|  63|0x0000000713e00000, 0x0000000713e00000, 0x0000000714000000|  0%| F|  |TAMS 0x0000000713e00000, 0x0000000713e00000| Untracked 
|  64|0x0000000714000000, 0x0000000714000000, 0x0000000714200000|  0%| F|  |TAMS 0x0000000714000000, 0x0000000714000000| Untracked 
|  65|0x0000000714200000, 0x0000000714200000, 0x0000000714400000|  0%| F|  |TAMS 0x0000000714200000, 0x0000000714200000| Untracked 
|  66|0x0000000714400000, 0x0000000714400000, 0x0000000714600000|  0%| F|  |TAMS 0x0000000714400000, 0x0000000714400000| Untracked 
|  67|0x0000000714600000, 0x0000000714600000, 0x0000000714800000|  0%| F|  |TAMS 0x0000000714600000, 0x0000000714600000| Untracked 
|  68|0x0000000714800000, 0x0000000714800000, 0x0000000714a00000|  0%| F|  |TAMS 0x0000000714800000, 0x0000000714800000| Untracked 
|  69|0x0000000714a00000, 0x0000000714a00000, 0x0000000714c00000|  0%| F|  |TAMS 0x0000000714a00000, 0x0000000714a00000| Untracked 
|  70|0x0000000714c00000, 0x0000000714c00000, 0x0000000714e00000|  0%| F|  |TAMS 0x0000000714c00000, 0x0000000714c00000| Untracked 
|  71|0x0000000714e00000, 0x0000000714e00000, 0x0000000715000000|  0%| F|  |TAMS 0x0000000714e00000, 0x0000000714e00000| Untracked 
|  72|0x0000000715000000, 0x0000000715000000, 0x0000000715200000|  0%| F|  |TAMS 0x0000000715000000, 0x0000000715000000| Untracked 
|  73|0x0000000715200000, 0x0000000715200000, 0x0000000715400000|  0%| F|  |TAMS 0x0000000715200000, 0x0000000715200000| Untracked 
|  74|0x0000000715400000, 0x0000000715400000, 0x0000000715600000|  0%| F|  |TAMS 0x0000000715400000, 0x0000000715400000| Untracked 
|  75|0x0000000715600000, 0x0000000715600000, 0x0000000715800000|  0%| F|  |TAMS 0x0000000715600000, 0x0000000715600000| Untracked 
|  76|0x0000000715800000, 0x0000000715800000, 0x0000000715a00000|  0%| F|  |TAMS 0x0000000715800000, 0x0000000715800000| Untracked 
|  77|0x0000000715a00000, 0x0000000715a00000, 0x0000000715c00000|  0%| F|  |TAMS 0x0000000715a00000, 0x0000000715a00000| Untracked 
|  78|0x0000000715c00000, 0x0000000715c00000, 0x0000000715e00000|  0%| F|  |TAMS 0x0000000715c00000, 0x0000000715c00000| Untracked 
|  79|0x0000000715e00000, 0x0000000715e00000, 0x0000000716000000|  0%| F|  |TAMS 0x0000000715e00000, 0x0000000715e00000| Untracked 
|  80|0x0000000716000000, 0x0000000716000000, 0x0000000716200000|  0%| F|  |TAMS 0x0000000716000000, 0x0000000716000000| Untracked 
|  81|0x0000000716200000, 0x0000000716200000, 0x0000000716400000|  0%| F|  |TAMS 0x0000000716200000, 0x0000000716200000| Untracked 
|  82|0x0000000716400000, 0x0000000716400000, 0x0000000716600000|  0%| F|  |TAMS 0x0000000716400000, 0x0000000716400000| Untracked 
|  83|0x0000000716600000, 0x0000000716600000, 0x0000000716800000|  0%| F|  |TAMS 0x0000000716600000, 0x0000000716600000| Untracked 
|  84|0x0000000716800000, 0x0000000716800000, 0x0000000716a00000|  0%| F|  |TAMS 0x0000000716800000, 0x0000000716800000| Untracked 
|  85|0x0000000716a00000, 0x0000000716a00000, 0x0000000716c00000|  0%| F|  |TAMS 0x0000000716a00000, 0x0000000716a00000| Untracked 
|  86|0x0000000716c00000, 0x0000000716c00000, 0x0000000716e00000|  0%| F|  |TAMS 0x0000000716c00000, 0x0000000716c00000| Untracked 
|  87|0x0000000716e00000, 0x0000000716e00000, 0x0000000717000000|  0%| F|  |TAMS 0x0000000716e00000, 0x0000000716e00000| Untracked 
|  88|0x0000000717000000, 0x0000000717000000, 0x0000000717200000|  0%| F|  |TAMS 0x0000000717000000, 0x0000000717000000| Untracked 
|  89|0x0000000717200000, 0x0000000717200000, 0x0000000717400000|  0%| F|  |TAMS 0x0000000717200000, 0x0000000717200000| Untracked 
|  90|0x0000000717400000, 0x0000000717400000, 0x0000000717600000|  0%| F|  |TAMS 0x0000000717400000, 0x0000000717400000| Untracked 
|  91|0x0000000717600000, 0x0000000717600000, 0x0000000717800000|  0%| F|  |TAMS 0x0000000717600000, 0x0000000717600000| Untracked 
|  92|0x0000000717800000, 0x0000000717800000, 0x0000000717a00000|  0%| F|  |TAMS 0x0000000717800000, 0x0000000717800000| Untracked 
|  93|0x0000000717a00000, 0x0000000717a00000, 0x0000000717c00000|  0%| F|  |TAMS 0x0000000717a00000, 0x0000000717a00000| Untracked 
|  94|0x0000000717c00000, 0x0000000717c00000, 0x0000000717e00000|  0%| F|  |TAMS 0x0000000717c00000, 0x0000000717c00000| Untracked 
|  95|0x0000000717e00000, 0x0000000717e00000, 0x0000000718000000|  0%| F|  |TAMS 0x0000000717e00000, 0x0000000717e00000| Untracked 
|  96|0x0000000718000000, 0x0000000718000000, 0x0000000718200000|  0%| F|  |TAMS 0x0000000718000000, 0x0000000718000000| Untracked 
|  97|0x0000000718200000, 0x0000000718200000, 0x0000000718400000|  0%| F|  |TAMS 0x0000000718200000, 0x0000000718200000| Untracked 
|  98|0x0000000718400000, 0x0000000718400000, 0x0000000718600000|  0%| F|  |TAMS 0x0000000718400000, 0x0000000718400000| Untracked 
|  99|0x0000000718600000, 0x0000000718600000, 0x0000000718800000|  0%| F|  |TAMS 0x0000000718600000, 0x0000000718600000| Untracked 
| 100|0x0000000718800000, 0x0000000718800000, 0x0000000718a00000|  0%| F|  |TAMS 0x0000000718800000, 0x0000000718800000| Untracked 
| 101|0x0000000718a00000, 0x0000000718a00000, 0x0000000718c00000|  0%| F|  |TAMS 0x0000000718a00000, 0x0000000718a00000| Untracked 
| 102|0x0000000718c00000, 0x0000000718c00000, 0x0000000718e00000|  0%| F|  |TAMS 0x0000000718c00000, 0x0000000718c00000| Untracked 
| 103|0x0000000718e00000, 0x0000000718e00000, 0x0000000719000000|  0%| F|  |TAMS 0x0000000718e00000, 0x0000000718e00000| Untracked 
| 104|0x0000000719000000, 0x0000000719000000, 0x0000000719200000|  0%| F|  |TAMS 0x0000000719000000, 0x0000000719000000| Untracked 
| 105|0x0000000719200000, 0x0000000719200000, 0x0000000719400000|  0%| F|  |TAMS 0x0000000719200000, 0x0000000719200000| Untracked 
| 106|0x0000000719400000, 0x0000000719400000, 0x0000000719600000|  0%| F|  |TAMS 0x0000000719400000, 0x0000000719400000| Untracked 
| 107|0x0000000719600000, 0x0000000719600000, 0x0000000719800000|  0%| F|  |TAMS 0x0000000719600000, 0x0000000719600000| Untracked 
| 108|0x0000000719800000, 0x0000000719800000, 0x0000000719a00000|  0%| F|  |TAMS 0x0000000719800000, 0x0000000719800000| Untracked 
| 109|0x0000000719a00000, 0x0000000719a00000, 0x0000000719c00000|  0%| F|  |TAMS 0x0000000719a00000, 0x0000000719a00000| Untracked 
| 110|0x0000000719c00000, 0x0000000719c00000, 0x0000000719e00000|  0%| F|  |TAMS 0x0000000719c00000, 0x0000000719c00000| Untracked 
| 111|0x0000000719e00000, 0x0000000719e00000, 0x000000071a000000|  0%| F|  |TAMS 0x0000000719e00000, 0x0000000719e00000| Untracked 
| 112|0x000000071a000000, 0x000000071a000000, 0x000000071a200000|  0%| F|  |TAMS 0x000000071a000000, 0x000000071a000000| Untracked 
| 113|0x000000071a200000, 0x000000071a200000, 0x000000071a400000|  0%| F|  |TAMS 0x000000071a200000, 0x000000071a200000| Untracked 
| 114|0x000000071a400000, 0x000000071a400000, 0x000000071a600000|  0%| F|  |TAMS 0x000000071a400000, 0x000000071a400000| Untracked 
| 115|0x000000071a600000, 0x000000071a600000, 0x000000071a800000|  0%| F|  |TAMS 0x000000071a600000, 0x000000071a600000| Untracked 
| 116|0x000000071a800000, 0x000000071a800000, 0x000000071aa00000|  0%| F|  |TAMS 0x000000071a800000, 0x000000071a800000| Untracked 
| 117|0x000000071aa00000, 0x000000071aa00000, 0x000000071ac00000|  0%| F|  |TAMS 0x000000071aa00000, 0x000000071aa00000| Untracked 
| 118|0x000000071ac00000, 0x000000071ace1cb8, 0x000000071ae00000| 44%| E|  |TAMS 0x000000071ac00000, 0x000000071ac00000| Complete 
| 119|0x000000071ae00000, 0x000000071b000000, 0x000000071b000000|100%| E|CS|TAMS 0x000000071ae00000, 0x000000071ae00000| Complete 
| 120|0x000000071b000000, 0x000000071b200000, 0x000000071b200000|100%| E|CS|TAMS 0x000000071b000000, 0x000000071b000000| Complete 
| 121|0x000000071b200000, 0x000000071b400000, 0x000000071b400000|100%| E|CS|TAMS 0x000000071b200000, 0x000000071b200000| Complete 

Card table byte_map: [0x000001712e140000,0x000001712e8e0000] _byte_map_base: 0x000001712a8e0000

Marking Bits (Prev, Next): (CMBitMap*) 0x0000017116210fc0, (CMBitMap*) 0x0000017116211000
 Prev Bits: [0x000001712f080000, 0x0000017132d80000)
 Next Bits: [0x0000017132d80000, 0x0000017136a80000)

Polling page: 0x0000017115960000

Metaspace:

Usage:
  Non-class:    534.55 KB used.
      Class:     42.91 KB used.
       Both:    577.46 KB used.

Virtual space:
  Non-class space:       64.00 MB reserved,     576.00 KB ( <1%) committed,  1 nodes.
      Class space:        1.00 GB reserved,     128.00 KB ( <1%) committed,  1 nodes.
             Both:        1.06 GB reserved,     704.00 KB ( <1%) committed. 

Chunk freelists:
   Non-Class:  3.96 MB
       Class:  3.73 MB
        Both:  7.69 MB

MaxMetaspaceSize: unlimited
CompressedClassSpaceSize: 1.00 GB
Initial GC threshold: 21.00 MB
Current GC threshold: 21.00 MB
CDS: on
MetaspaceReclaimPolicy: balanced
 - commit_granule_bytes: 65536.
 - commit_granule_words: 8192.
 - virtual_space_node_default_size: 8388608.
 - enlarge_chunks_in_place: 1.
 - new_chunks_are_fully_committed: 0.
 - uncommit_free_chunks: 1.
 - use_allocation_guard: 0.


Internal statistics:

num_allocs_failed_limit: 0.
num_arena_births: 26.
num_arena_deaths: 0.
num_vsnodes_births: 2.
num_vsnodes_deaths: 0.
num_space_committed: 11.
num_space_uncommitted: 0.
num_chunks_returned_to_freelist: 0.
num_chunks_taken_from_freelist: 32.
num_chunk_merges: 0.
num_chunk_splits: 19.
num_chunks_enlarged: 13.
num_inconsistent_stats: 0.

CodeHeap 'non-profiled nmethods': size=119168Kb used=86Kb max_used=86Kb free=119081Kb
 bounds [0x0000017125ca0000, 0x0000017125f10000, 0x000001712d100000]
CodeHeap 'profiled nmethods': size=119104Kb used=272Kb max_used=272Kb free=118831Kb
 bounds [0x000001711e100000, 0x000001711e370000, 0x0000017125550000]
CodeHeap 'non-nmethods': size=7488Kb used=1275Kb max_used=2966Kb free=6212Kb
 bounds [0x0000017125550000, 0x0000017125840000, 0x0000017125ca0000]
 total_blobs=655 nmethods=245 adapters=321
 compilation: enabled
              stopped_count=0, restarted_count=0
 full_count=0

Compilation events (20 events):
Event: 0.093 Thread 0x000001713dcf8b90  230       3       java.lang.instrument.ClassFileTransformer::transform (15 bytes)
Event: 0.093 Thread 0x000001713dcf8b90 nmethod 230 0x000001711e140b10 code [0x000001711e140cc0, 0x000001711e140ec8]
Event: 0.094 Thread 0x000001713dcb8050  231       3       java.util.zip.ZipUtils::SH (21 bytes)
Event: 0.094 Thread 0x000001713dcb8050 nmethod 231 0x000001711e140f90 code [0x000001711e141120, 0x000001711e141278]
Event: 0.095 Thread 0x0000017139b05150  232       4       java.lang.String::charAt (25 bytes)
Event: 0.096 Thread 0x0000017139b05150 nmethod 232 0x0000017125cb3a10 code [0x0000017125cb3ba0, 0x0000017125cb3cb8]
Event: 36.287 Thread 0x0000017139b076e0  238       3       java.lang.invoke.LambdaForm::argument (27 bytes)
Event: 36.288 Thread 0x0000017139b076e0 nmethod 238 0x000001711e141390 code [0x000001711e141560, 0x000001711e1417e8]
Event: 36.288 Thread 0x0000017139b076e0  240       3       java.lang.invoke.LambdaForm$Name::initIndex (26 bytes)
Event: 36.288 Thread 0x0000017139b076e0 nmethod 240 0x000001711e141990 code [0x000001711e141b40, 0x000001711e141cf8]
Event: 42.923 Thread 0x0000017139b076e0  241       3       java.lang.StringBuilder::length (5 bytes)
Event: 42.923 Thread 0x0000017139b076e0 nmethod 241 0x000001711e141d90 code [0x000001711e141f20, 0x000001711e142038]
Event: 42.923 Thread 0x0000017139b05150  242       4       java.util.Objects::requireNonNull (14 bytes)
Event: 42.924 Thread 0x0000017139b076e0  243       3       sun.invoke.util.VerifyAccess::isTypeVisible (118 bytes)
Event: 42.924 Thread 0x0000017139b05150 nmethod 242 0x0000017125cb5310 code [0x0000017125cb5480, 0x0000017125cb54f8]
Event: 42.924 Thread 0x0000017139b076e0 nmethod 243 0x000001711e142110 code [0x000001711e142420, 0x000001711e143478]
Event: 51.116 Thread 0x0000017139b05150  244       4       java.lang.String::coder (15 bytes)
Event: 51.117 Thread 0x0000017139b05150 nmethod 244 0x0000017125cb5610 code [0x0000017125cb5780, 0x0000017125cb57f8]
Event: 51.619 Thread 0x0000017139b076e0  245       3       java.lang.AbstractStringBuilder::newCapacity (59 bytes)
Event: 51.619 Thread 0x0000017139b076e0 nmethod 245 0x000001711e143990 code [0x000001711e143b80, 0x000001711e143fd8]

GC Heap History (0 events):
No events

Dll operation events (9 events):
Event: 0.007 Loaded shared library D:\computer\JAVA_STUDY\JDK\bin\java.dll
Event: 0.007 Loaded shared library D:\computer\JAVA_STUDY\JDK\bin\zip.dll
Event: 0.013 Loaded shared library D:\computer\JAVA_STUDY\JDK\bin\jsvml.dll
Event: 0.063 Loaded shared library D:\computer\JAVA_STUDY\JDK\bin\instrument.dll
Event: 0.089 Loaded shared library D:\computer\JAVA_STUDY\JDK\bin\net.dll
Event: 0.089 Loaded shared library D:\computer\JAVA_STUDY\JDK\bin\nio.dll
Event: 0.094 Loaded shared library D:\computer\JAVA_STUDY\JDK\bin\zip.dll
Event: 9.477 Loaded shared library D:\computer\JAVA_STUDY\JDK\bin\verify.dll
Event: 9.481 Loaded shared library D:\computer\JAVA_STUDY\JDK\bin\Jpcap.dll

Deoptimization events (0 events):
No events

Classes loaded (20 events):
Event: 9.481 Loading class jpcap/NetworkInterface
Event: 9.481 Loading class jpcap/NetworkInterface done
Event: 9.482 Loading class jpcap/NetworkInterfaceAddress
Event: 9.482 Loading class jpcap/NetworkInterfaceAddress done
Event: 9.482 Loading class java/net/UnknownHostException
Event: 9.482 Loading class java/net/UnknownHostException done
Event: 31.939 Loading class jpcap/NetworkInterface
Event: 31.939 Loading class jpcap/NetworkInterface done
Event: 31.939 Loading class jpcap/NetworkInterface
Event: 31.939 Loading class jpcap/NetworkInterface done
Event: 31.954 Loading class java/lang/Thread$ThreadNumbering
Event: 31.954 Loading class java/lang/Thread$ThreadNumbering done
Event: 43.926 Loading class java/util/concurrent/locks/AbstractQueuedSynchronizer$ExclusiveNode
Event: 43.927 Loading class java/util/concurrent/locks/AbstractQueuedSynchronizer$ExclusiveNode done
Event: 43.927 Loading class jpcap/packet/Packet
Event: 43.927 Loading class jpcap/packet/Packet done
Event: 51.116 Loading class PacketHandler
Event: 51.116 Loading class PacketHandler done
Event: 52.050 Loading class jpcap/packet/DatalinkPacket
Event: 52.050 Loading class jpcap/packet/DatalinkPacket done

Classes unloaded (0 events):
No events

Classes redefined (0 events):
No events

Internal exceptions (4 events):
Event: 0.064 Thread 0x00000171161a2220 Exception <a 'java/lang/NoSuchMethodError'{0x000000071b1cc728}: 'void java.lang.invoke.DirectMethodHandle$Holder.invokeStatic(java.lang.Object, java.lang.Object, java.lang.Object)'> (0x000000071b1cc728) 
thrown [s\open\src\hotspot\share\interpreter\linkResolver.cpp, line 774]
Event: 0.067 Thread 0x00000171161a2220 Exception <a 'java/lang/NoSuchMethodError'{0x000000071b1e4d20}: 'java.lang.Object java.lang.invoke.Invokers$Holder.invokeExact_MT(java.lang.Object, java.lang.Object, java.lang.Object, java.lang.Object, java.lang.Object)'> (0x000000071b1e4d20) 
thrown [s\open\src\hotspot\share\interpreter\linkResolver.cpp, line 774]
Event: 31.940 Thread 0x00000171161a2220 Exception <a 'java/lang/NoSuchMethodError'{0x000000071af7acb8}: 'void java.lang.invoke.DirectMethodHandle$Holder.invokeStatic(java.lang.Object, java.lang.Object, int)'> (0x000000071af7acb8) 
thrown [s\open\src\hotspot\share\interpreter\linkResolver.cpp, line 774]
Event: 31.948 Thread 0x00000171161a2220 Exception <a 'java/lang/NoSuchMethodError'{0x000000071af902b0}: 'java.lang.Object java.lang.invoke.DirectMethodHandle$Holder.newInvokeSpecial(java.lang.Object, java.lang.Object, int)'> (0x000000071af902b0) 
thrown [s\open\src\hotspot\share\interpreter\linkResolver.cpp, line 774]

VM Operations (20 events):
Event: 52.448 Executing VM operation: ChangeSingleStep done
Event: 52.449 Executing VM operation: ChangeSingleStep
Event: 52.449 Executing VM operation: ChangeSingleStep done
Event: 52.449 Executing VM operation: ChangeSingleStep
Event: 52.449 Executing VM operation: ChangeSingleStep done
Event: 52.449 Executing VM operation: ChangeSingleStep
Event: 52.449 Executing VM operation: ChangeSingleStep done
Event: 52.449 Executing VM operation: ChangeSingleStep
Event: 52.449 Executing VM operation: ChangeSingleStep done
Event: 52.464 Executing VM operation: get/set locals
Event: 52.464 Executing VM operation: get/set locals done
Event: 52.464 Executing VM operation: get/set locals
Event: 52.464 Executing VM operation: get/set locals done
Event: 52.464 Executing VM operation: get/set locals
Event: 52.464 Executing VM operation: get/set locals done
Event: 52.464 Executing VM operation: get/set locals
Event: 52.464 Executing VM operation: get/set locals done
Event: 53.073 Executing VM operation: ChangeSingleStep
Event: 53.074 Executing VM operation: ChangeSingleStep done
Event: 53.074 Executing VM operation: ChangeSingleStep

Events (20 events):
Event: 0.024 Thread 0x0000017139ae8a00 Thread added: 0x0000017139ae8a00
Event: 0.024 Thread 0x0000017139aeb750 Thread added: 0x0000017139aeb750
Event: 0.024 Thread 0x0000017139b05150 Thread added: 0x0000017139b05150
Event: 0.024 Thread 0x0000017139b076e0 Thread added: 0x0000017139b076e0
Event: 0.024 Thread 0x000001713dc08070 Thread added: 0x000001713dc08070
Event: 0.038 Thread 0x0000017139ab4df0 Thread added: 0x0000017139ab4df0
Event: 0.042 Thread 0x000001713dcb8050 Thread added: 0x000001713dcb8050
Event: 0.042 Thread 0x000001713dcf8b90 Thread added: 0x000001713dcf8b90
Event: 0.043 Thread 0x000001713dd31410 Thread added: 0x000001713dd31410
Event: 0.052 Thread 0x000001713dd907e0 Thread added: 0x000001713dd907e0
Event: 0.053 Thread 0x000001713dd94de0 Thread added: 0x000001713dd94de0
Event: 0.053 Thread 0x000001713dea3100 Thread added: 0x000001713dea3100
Event: 0.073 Thread 0x000001713ddf8ef0 Thread added: 0x000001713ddf8ef0
Event: 5.110 Thread 0x000001713dd31410 Thread exited: 0x000001713dd31410
Event: 10.114 Thread 0x000001713dcf8b90 Thread exited: 0x000001713dcf8b90
Event: 15.115 Thread 0x000001713dcb8050 Thread exited: 0x000001713dcb8050
Event: 34.716 Thread 0x000001713de50540 Thread added: 0x000001713de50540
Event: 38.255 Thread 0x000001713de38830 Thread added: 0x000001713de38830
Event: 51.116 Thread 0x000001713de4ee70 Thread added: 0x000001713de4ee70
Event: 53.074 Thread 0x000001713de38830 Thread exited: 0x000001713de38830


Dynamic libraries:
0x00007ff77c360000 - 0x00007ff77c370000 	D:\computer\JAVA_STUDY\JDK\bin\java.exe
0x00007ffa9a6f0000 - 0x00007ffa9a907000 	C:\WINDOWS\SYSTEM32\ntdll.dll
0x00007ffa99e60000 - 0x00007ffa99f24000 	C:\WINDOWS\System32\KERNEL32.DLL
0x00007ffa97ab0000 - 0x00007ffa97e57000 	C:\WINDOWS\System32\KERNELBASE.dll
0x00007ffa98300000 - 0x00007ffa98411000 	C:\WINDOWS\System32\ucrtbase.dll
0x00007ffa8faa0000 - 0x00007ffa8fab8000 	D:\computer\JAVA_STUDY\JDK\bin\jli.dll
0x00007ffa91e70000 - 0x00007ffa91e8b000 	D:\computer\JAVA_STUDY\JDK\bin\VCRUNTIME140.dll
0x00007ffa99f30000 - 0x00007ffa99fe2000 	C:\WINDOWS\System32\ADVAPI32.dll
0x00007ffa99db0000 - 0x00007ffa99e57000 	C:\WINDOWS\System32\msvcrt.dll
0x00007ffa98420000 - 0x00007ffa984c8000 	C:\WINDOWS\System32\sechost.dll
0x00007ffa982d0000 - 0x00007ffa982f8000 	C:\WINDOWS\System32\bcrypt.dll
0x00007ffa9a4b0000 - 0x00007ffa9a5c5000 	C:\WINDOWS\System32\RPCRT4.dll
0x00007ffa988d0000 - 0x00007ffa98a7e000 	C:\WINDOWS\System32\USER32.dll
0x00007ffa7fb00000 - 0x00007ffa7fd93000 	C:\WINDOWS\WinSxS\amd64_microsoft.windows.common-controls_6595b64144ccf1df_6.0.22621.3527_none_270e469b73872a76\COMCTL32.dll
0x00007ffa98090000 - 0x00007ffa980b6000 	C:\WINDOWS\System32\win32u.dll
0x00007ffa999f0000 - 0x00007ffa99a19000 	C:\WINDOWS\System32\GDI32.dll
0x00007ffa98140000 - 0x00007ffa98259000 	C:\WINDOWS\System32\gdi32full.dll
0x00007ffa97a10000 - 0x00007ffa97aaa000 	C:\WINDOWS\System32\msvcp_win.dll
0x00007ffa913b0000 - 0x00007ffa913ba000 	C:\WINDOWS\SYSTEM32\VERSION.dll
0x00007ffa9a670000 - 0x00007ffa9a6a1000 	C:\WINDOWS\System32\IMM32.DLL
0x00007ffa94bf0000 - 0x00007ffa94bfc000 	D:\computer\JAVA_STUDY\JDK\bin\vcruntime140_1.dll
0x00007ffa7a970000 - 0x00007ffa7a9fe000 	D:\computer\JAVA_STUDY\JDK\bin\msvcp140.dll
0x00007ffa4d7a0000 - 0x00007ffa4e460000 	D:\computer\JAVA_STUDY\JDK\bin\server\jvm.dll
0x00007ffa91d10000 - 0x00007ffa91d44000 	C:\WINDOWS\SYSTEM32\WINMM.dll
0x00007ffa80590000 - 0x00007ffa80599000 	C:\WINDOWS\SYSTEM32\WSOCK32.dll
0x00007ffa9a430000 - 0x00007ffa9a4a1000 	C:\WINDOWS\System32\WS2_32.dll
0x00007ffa96ae0000 - 0x00007ffa96af8000 	C:\WINDOWS\SYSTEM32\kernel.appcore.dll
0x00007ffa92ea0000 - 0x00007ffa92eaa000 	D:\computer\JAVA_STUDY\JDK\bin\jimage.dll
0x00007ffa905e0000 - 0x00007ffa90812000 	C:\WINDOWS\SYSTEM32\DBGHELP.DLL
0x00007ffa99a20000 - 0x00007ffa99da8000 	C:\WINDOWS\System32\combase.dll
0x00007ffa98b20000 - 0x00007ffa98bf7000 	C:\WINDOWS\System32\OLEAUT32.dll
0x00007ffa89dd0000 - 0x00007ffa89e02000 	C:\WINDOWS\SYSTEM32\dbgcore.DLL
0x00007ffa980c0000 - 0x00007ffa98139000 	C:\WINDOWS\System32\bcryptPrimitives.dll
0x00007ffa84dc0000 - 0x00007ffa84dfc000 	D:\computer\JAVA_STUDY\JDK\bin\jdwp.dll
0x00007ffa8f030000 - 0x00007ffa8f03e000 	D:\computer\JAVA_STUDY\JDK\bin\instrument.dll
0x00007ffa8a450000 - 0x00007ffa8a476000 	D:\computer\JAVA_STUDY\JDK\bin\java.dll
0x00007ffa8a3d0000 - 0x00007ffa8a3e8000 	D:\computer\JAVA_STUDY\JDK\bin\zip.dll
0x00007ffa75300000 - 0x00007ffa753d7000 	D:\computer\JAVA_STUDY\JDK\bin\jsvml.dll
0x00007ffa98c00000 - 0x00007ffa9945c000 	C:\WINDOWS\System32\SHELL32.dll
0x00007ffa95910000 - 0x00007ffa96206000 	C:\WINDOWS\SYSTEM32\windows.storage.dll
0x00007ffa957d0000 - 0x00007ffa9590e000 	C:\WINDOWS\SYSTEM32\wintypes.dll
0x00007ffa98620000 - 0x00007ffa98715000 	C:\WINDOWS\System32\SHCORE.dll
0x00007ffa99930000 - 0x00007ffa9998e000 	C:\WINDOWS\System32\shlwapi.dll
0x00007ffa97940000 - 0x00007ffa97961000 	C:\WINDOWS\SYSTEM32\profapi.dll
0x00007ffa8a4f0000 - 0x00007ffa8a4fc000 	D:\computer\JAVA_STUDY\JDK\bin\dt_socket.dll
0x00007ffa96460000 - 0x00007ffa9648d000 	C:\WINDOWS\SYSTEM32\IPHLPAPI.DLL
0x00007ffa96f40000 - 0x00007ffa96fa9000 	C:\WINDOWS\system32\mswsock.dll
0x00007ffa8a380000 - 0x00007ffa8a393000 	D:\computer\JAVA_STUDY\JDK\bin\net.dll
0x00007ffa93160000 - 0x00007ffa93296000 	C:\WINDOWS\SYSTEM32\WINHTTP.dll
0x00007ffa89330000 - 0x00007ffa89346000 	D:\computer\JAVA_STUDY\JDK\bin\nio.dll
0x00007ffa8a440000 - 0x00007ffa8a450000 	D:\computer\JAVA_STUDY\JDK\bin\verify.dll
0x00007ffa85360000 - 0x00007ffa8538b000 	D:\computer\JAVA_STUDY\JDK\bin\Jpcap.dll
0x0000000180000000 - 0x0000000180065000 	C:\WINDOWS\SYSTEM32\wpcap.dll
0x0000017139b20000 - 0x0000017139b3e000 	C:\WINDOWS\SYSTEM32\packet.dll
0x00007ffa98550000 - 0x00007ffa98559000 	C:\WINDOWS\System32\NSI.dll
0x00007ffa93060000 - 0x00007ffa93079000 	C:\WINDOWS\SYSTEM32\dhcpcsvc6.DLL
0x00007ffa93040000 - 0x00007ffa9305f000 	C:\WINDOWS\SYSTEM32\dhcpcsvc.DLL
0x00007ffa96490000 - 0x00007ffa96588000 	C:\WINDOWS\SYSTEM32\DNSAPI.dll

dbghelp: loaded successfully - version: 4.0.5 - missing functions: none
symbol engine: initialized successfully - sym options: 0x614 - pdb path: .;D:\computer\JAVA_STUDY\JDK\bin;C:\WINDOWS\SYSTEM32;C:\WINDOWS\WinSxS\amd64_microsoft.windows.common-controls_6595b64144ccf1df_6.0.22621.3527_none_270e469b73872a76;D:\computer\JAVA_STUDY\JDK\bin\server

VM Arguments:
jvm_args: -agentlib:jdwp=transport=dt_socket,address=127.0.0.1:50766,suspend=y,server=n -javaagent:D:\TOOLS\IDEA\plugins\java\lib\rt\debugger-agent.jar -Dfile.encoding=UTF-8 -Dsun.stdout.encoding=UTF-8 -Dsun.stderr.encoding=UTF-8 
java_command: Main
java_class_path (initial): E:\JavaHomework\NetworkPacketCap\out\production\NetworkPacketCap;E:\JavaHomework\jpcap\jpcap.jar;D:\TOOLS\IDEA\lib\idea_rt.jar
Launcher Type: SUN_STANDARD

[Global flags]
     intx CICompilerCount                          = 12                                        {product} {ergonomic}
     uint ConcGCThreads                            = 3                                         {product} {ergonomic}
     uint G1ConcRefinementThreads                  = 13                                        {product} {ergonomic}
   size_t G1HeapRegionSize                         = 2097152                                   {product} {ergonomic}
    uintx GCDrainStackTargetSize                   = 64                                        {product} {ergonomic}
   size_t InitialHeapSize                          = 255852544                                 {product} {ergonomic}
   size_t MarkStackSize                            = 4194304                                   {product} {ergonomic}
   size_t MaxHeapSize                              = 4093640704                                {product} {ergonomic}
   size_t MaxNewSize                               = 2455764992                                {product} {ergonomic}
   size_t MinHeapDeltaBytes                        = 2097152                                   {product} {ergonomic}
   size_t MinHeapSize                              = 8388608                                   {product} {ergonomic}
    uintx NonNMethodCodeHeapSize                   = 7602480                                {pd product} {ergonomic}
    uintx NonProfiledCodeHeapSize                  = 122027880                              {pd product} {ergonomic}
    uintx ProfiledCodeHeapSize                     = 122027880                              {pd product} {ergonomic}
    uintx ReservedCodeCacheSize                    = 251658240                              {pd product} {ergonomic}
     bool SegmentedCodeCache                       = true                                      {product} {ergonomic}
   size_t SoftMaxHeapSize                          = 4093640704                             {manageable} {ergonomic}
     bool UseCompressedClassPointers               = true                           {product lp64_product} {ergonomic}
     bool UseCompressedOops                        = true                           {product lp64_product} {ergonomic}
     bool UseG1GC                                  = true                                      {product} {ergonomic}
     bool UseLargePagesIndividualAllocation        = false                                  {pd product} {ergonomic}

Logging:
Log output configuration:
 #0: stdout all=warning uptime,level,tags foldmultilines=false
 #1: stderr all=off uptime,level,tags foldmultilines=false

Environment Variables:
JAVA_HOME=D:\computer\JAVA_STUDY\JDK
PATH=D:\TOOLS\VMWare\bin\;C:\Program Files (x86)\NVIDIA Corporation\PhysX\Common;C:\Program Files\Common Files\Oracle\Java\javapath;C:\Windows\system32;C:\Windows;C:\Windows\System32\Wbem;C:\Windows\System32\WindowsPowerShell\v1.0\;C:\Windows\System32\OpenSSH\;C:\Program Files\NVIDIA Corporation\NVIDIA NvDLISR;D:\computer\CodeBlocks\mingw64\bin;C:\Program Files\dotnet\;C:\WINDOWS\system32;C:\WINDOWS;C:\WINDOWS\System32\Wbem;C:\WINDOWS\System32\WindowsPowerShell\v1.0\;C:\WINDOWS\System32\OpenSSH\;C:\Users\cyh\Putty\;C:\Program Files\Docker\Docker\resources\bin;D:\Git\cmd;C:\Program Files\MySQL\MySQL Server 8.1\bin;D:\TOOLS\Nodejs\;C:\Program Files\Microsoft SQL Server\Client SDK\ODBC\170\Tools\Binn\;C:\Program Files (x86)\Microsoft SQL Server\150\Tools\Binn\;C:\Program Files\Microsoft SQL Server\150\Tools\Binn\;C:\Program Files\Microsoft SQL Server\150\DTS\Binn\;C:\Program Files (x86)\Windows Kits\8.1\Windows Performance Toolkit\;d:\altera\90\quartus\bin;C:\Program Files\Tailscale\;C:\Program Files\bin;C:\Users\cyh\AppData\Local\pnpm;C:\Users\cyh\python\Scripts\;C:\Users\cyh\python\;C:\Users\cyh\AppData\Local\Programs\Python\Launcher\;C:\Users\cyh\AppData\Local\Microsoft\WindowsApps;C:\Users\cyh\AppData\Local\Programs\Microsoft VS Code\bin;D:\computer\JAVA_STUDY\JDK\bin;C:\Users\cyh\.dotnet\tools;D:\TOOLS\IDEA\bin;;D:\TOOLS\CLion\bin;;C:\Users\cyh\AppData\Roaming\npm;D:\Git\bin;
USERNAME=cyh
OS=Windows_NT
PROCESSOR_IDENTIFIER=AMD64 Family 25 Model 68 Stepping 1, AuthenticAMD
TMP=C:\Users\cyh\AppData\Local\Temp
TEMP=C:\Users\cyh\AppData\Local\Temp



---------------  S Y S T E M  ---------------

OS:
 Windows 11 , 64 bit Build 22621 (10.0.22621.3527)
OS uptime: 9 days 2:42 hours
Hyper-V role detected

CPU: total 16 (initial active 16) (16 cores per cpu, 2 threads per core) family 25 model 68 stepping 1 microcode 0x0, cx8, cmov, fxsr, ht, mmx, 3dnowpref, sse, sse2, sse3, ssse3, sse4a, sse4.1, sse4.2, popcnt, lzcnt, tsc, tscinvbit, avx, avx2, aes, clmul, bmi1, bmi2, adx, sha, fma, vzeroupper, clflush, clflushopt, hv, rdtscp, rdpid

Memory: 4k page, system-wide physical 15613M (3463M free)
TotalPageFile size 26389M (AvailPageFile size 4079M)
current process WorkingSet (physical memory assigned to process): 39M, peak: 39M
current process commit charge ("private bytes"): 344M, peak: 344M

vm_info: Java HotSpot(TM) 64-Bit Server VM (19.0.1+10-21) for windows-amd64 JRE (19.0.1+10-21), built on 2022-09-14T12:45:06Z by "mach5one" with MS VC++ 17.1 (VS2022)

END.
